{"C:\\Desenvolvimento\\estudos\\ignite\\projetos\\gofinances\\src\\components\\CategorySelectButton\\index.tsx": {"path":"C:\\Desenvolvimento\\estudos\\ignite\\projetos\\gofinances\\src\\components\\CategorySelectButton\\index.tsx","statementMap":{"0":{"start":{"line":16,"column":2},"end":{"line":23,"column":4}}},"fnMap":{"0":{"name":"CategorySelectButton","decl":{"start":{"line":15,"column":16},"end":{"line":15,"column":36}},"loc":{"start":{"line":15,"column":81},"end":{"line":24,"column":1}},"line":15}},"branchMap":{},"s":{"0":2},"f":{"0":2},"b":{},"_coverageSchema":"1a1c01bbd47fc00a2c39e90264f33305004495a9","hash":"6fcaed526213741455178d5345f98ecd2ae4d8e8"}
,"C:\\Desenvolvimento\\estudos\\ignite\\projetos\\gofinances\\src\\components\\Forms\\Button\\index.tsx": {"path":"C:\\Desenvolvimento\\estudos\\ignite\\projetos\\gofinances\\src\\components\\Forms\\Button\\index.tsx","statementMap":{"0":{"start":{"line":12,"column":2},"end":{"line":19,"column":4}}},"fnMap":{"0":{"name":"Button","decl":{"start":{"line":11,"column":16},"end":{"line":11,"column":22}},"loc":{"start":{"line":11,"column":65},"end":{"line":20,"column":1}},"line":11}},"branchMap":{},"s":{"0":4},"f":{"0":4},"b":{},"_coverageSchema":"1a1c01bbd47fc00a2c39e90264f33305004495a9","hash":"ec1166bffb7f033ad84474fb24baf10e7b918771"}
,"C:\\Desenvolvimento\\estudos\\ignite\\projetos\\gofinances\\src\\components\\Forms\\Input\\index.tsx": {"path":"C:\\Desenvolvimento\\estudos\\ignite\\projetos\\gofinances\\src\\components\\Forms\\Input\\index.tsx","statementMap":{"0":{"start":{"line":11,"column":2},"end":{"line":13,"column":3}}},"fnMap":{"0":{"name":"Input","decl":{"start":{"line":10,"column":16},"end":{"line":10,"column":21}},"loc":{"start":{"line":10,"column":58},"end":{"line":14,"column":1}},"line":10}},"branchMap":{"0":{"loc":{"start":{"line":10,"column":24},"end":{"line":10,"column":38}},"type":"default-arg","locations":[{"start":{"line":10,"column":33},"end":{"line":10,"column":38}}],"line":10}},"s":{"0":5},"f":{"0":5},"b":{"0":[4]},"_coverageSchema":"1a1c01bbd47fc00a2c39e90264f33305004495a9","hash":"a6cda4d10023614be0f0caa5219eeb7afba680f1"}
,"C:\\Desenvolvimento\\estudos\\ignite\\projetos\\gofinances\\src\\components\\Forms\\InputForm\\index.tsx": {"path":"C:\\Desenvolvimento\\estudos\\ignite\\projetos\\gofinances\\src\\components\\Forms\\InputForm\\index.tsx","statementMap":{"0":{"start":{"line":16,"column":2},"end":{"line":31,"column":3}},"1":{"start":{"line":21,"column":10},"end":{"line":25,"column":12}}},"fnMap":{"0":{"name":"InputForm","decl":{"start":{"line":15,"column":16},"end":{"line":15,"column":25}},"loc":{"start":{"line":15,"column":68},"end":{"line":32,"column":1}},"line":15},"1":{"name":"(anonymous_1)","decl":{"start":{"line":20,"column":16},"end":{"line":20,"column":17}},"loc":{"start":{"line":21,"column":10},"end":{"line":25,"column":12}},"line":21}},"branchMap":{"0":{"loc":{"start":{"line":29,"column":6},"end":{"line":29,"column":38}},"type":"binary-expr","locations":[{"start":{"line":29,"column":6},"end":{"line":29,"column":11}},{"start":{"line":29,"column":16},"end":{"line":29,"column":38}}],"line":29}},"s":{"0":4,"1":4},"f":{"0":4,"1":4},"b":{"0":[4,0]},"_coverageSchema":"1a1c01bbd47fc00a2c39e90264f33305004495a9","hash":"a6819e8ed306aedc9636e935d8677e5709e47d51"}
,"C:\\Desenvolvimento\\estudos\\ignite\\projetos\\gofinances\\src\\components\\Forms\\TransactionTypeButton\\index.tsx": {"path":"C:\\Desenvolvimento\\estudos\\ignite\\projetos\\gofinances\\src\\components\\Forms\\TransactionTypeButton\\index.tsx","statementMap":{"0":{"start":{"line":11,"column":14},"end":{"line":14,"column":1}},"1":{"start":{"line":23,"column":2},"end":{"line":43,"column":4}}},"fnMap":{"0":{"name":"TransactionTypeButton","decl":{"start":{"line":22,"column":16},"end":{"line":22,"column":37}},"loc":{"start":{"line":22,"column":81},"end":{"line":44,"column":1}},"line":22}},"branchMap":{},"s":{"0":1,"1":4},"f":{"0":4},"b":{},"_coverageSchema":"1a1c01bbd47fc00a2c39e90264f33305004495a9","hash":"73216218d25bd8e62152d733a81fac7fc53253cc"}
,"C:\\Desenvolvimento\\estudos\\ignite\\projetos\\gofinances\\src\\components\\HighlightCard\\index.tsx": {"path":"C:\\Desenvolvimento\\estudos\\ignite\\projetos\\gofinances\\src\\components\\HighlightCard\\index.tsx","statementMap":{"0":{"start":{"line":20,"column":13},"end":{"line":24,"column":1}},"1":{"start":{"line":27,"column":2},"end":{"line":39,"column":3}}},"fnMap":{"0":{"name":"HighlightCard","decl":{"start":{"line":26,"column":16},"end":{"line":26,"column":29}},"loc":{"start":{"line":26,"column":91},"end":{"line":40,"column":1}},"line":26}},"branchMap":{},"s":{"0":0,"1":0},"f":{"0":0},"b":{}}
,"C:\\Desenvolvimento\\estudos\\ignite\\projetos\\gofinances\\src\\components\\HistoryCard\\index.tsx": {"path":"C:\\Desenvolvimento\\estudos\\ignite\\projetos\\gofinances\\src\\components\\HistoryCard\\index.tsx","statementMap":{"0":{"start":{"line":16,"column":2},"end":{"line":23,"column":3}}},"fnMap":{"0":{"name":"HistoryCard","decl":{"start":{"line":15,"column":16},"end":{"line":15,"column":27}},"loc":{"start":{"line":15,"column":61},"end":{"line":24,"column":1}},"line":15}},"branchMap":{},"s":{"0":0},"f":{"0":0},"b":{}}
,"C:\\Desenvolvimento\\estudos\\ignite\\projetos\\gofinances\\src\\components\\SignInSocialButton\\index.tsx": {"path":"C:\\Desenvolvimento\\estudos\\ignite\\projetos\\gofinances\\src\\components\\SignInSocialButton\\index.tsx","statementMap":{"0":{"start":{"line":17,"column":2},"end":{"line":26,"column":4}}},"fnMap":{"0":{"name":"SignInSocialButton","decl":{"start":{"line":16,"column":16},"end":{"line":16,"column":34}},"loc":{"start":{"line":16,"column":72},"end":{"line":27,"column":1}},"line":16}},"branchMap":{},"s":{"0":0},"f":{"0":0},"b":{}}
,"C:\\Desenvolvimento\\estudos\\ignite\\projetos\\gofinances\\src\\components\\TransactionCard\\index.tsx": {"path":"C:\\Desenvolvimento\\estudos\\ignite\\projetos\\gofinances\\src\\components\\TransactionCard\\index.tsx","statementMap":{"0":{"start":{"line":29,"column":21},"end":{"line":31,"column":3}},"1":{"start":{"line":30,"column":12},"end":{"line":30,"column":38}},"2":{"start":{"line":33,"column":2},"end":{"line":56,"column":4}}},"fnMap":{"0":{"name":"TransactionCard","decl":{"start":{"line":28,"column":16},"end":{"line":28,"column":31}},"loc":{"start":{"line":28,"column":49},"end":{"line":57,"column":1}},"line":28},"1":{"name":"(anonymous_1)","decl":{"start":{"line":30,"column":4},"end":{"line":30,"column":5}},"loc":{"start":{"line":30,"column":12},"end":{"line":30,"column":38}},"line":30}},"branchMap":{"0":{"loc":{"start":{"line":39,"column":9},"end":{"line":39,"column":41}},"type":"binary-expr","locations":[{"start":{"line":39,"column":9},"end":{"line":39,"column":33}},{"start":{"line":39,"column":37},"end":{"line":39,"column":41}}],"line":39}},"s":{"0":0,"1":0,"2":0},"f":{"0":0,"1":0},"b":{"0":[0,0]}}
,"C:\\Desenvolvimento\\estudos\\ignite\\projetos\\gofinances\\src\\hooks\\auth.tsx": {"path":"C:\\Desenvolvimento\\estudos\\ignite\\projetos\\gofinances\\src\\hooks\\auth.tsx","statementMap":{"0":{"start":{"line":8,"column":22},"end":{"line":8,"column":33}},"1":{"start":{"line":9,"column":25},"end":{"line":9,"column":36}},"2":{"start":{"line":37,"column":20},"end":{"line":37,"column":56}},"3":{"start":{"line":40,"column":26},"end":{"line":40,"column":52}},"4":{"start":{"line":41,"column":54},"end":{"line":41,"column":68}},"5":{"start":{"line":43,"column":25},"end":{"line":43,"column":43}},"6":{"start":{"line":46,"column":4},"end":{"line":72,"column":5}},"7":{"start":{"line":47,"column":28},"end":{"line":47,"column":35}},"8":{"start":{"line":48,"column":20},"end":{"line":48,"column":46}},"9":{"start":{"line":50,"column":22},"end":{"line":50,"column":166}},"10":{"start":{"line":52,"column":31},"end":{"line":52,"column":97}},"11":{"start":{"line":54,"column":6},"end":{"line":67,"column":7}},"12":{"start":{"line":55,"column":25},"end":{"line":55,"column":130}},"13":{"start":{"line":56,"column":25},"end":{"line":56,"column":46}},"14":{"start":{"line":58,"column":28},"end":{"line":63,"column":9}},"15":{"start":{"line":65,"column":8},"end":{"line":65,"column":29}},"16":{"start":{"line":66,"column":8},"end":{"line":66,"column":80}},"17":{"start":{"line":71,"column":6},"end":{"line":71,"column":28}},"18":{"start":{"line":76,"column":4},"end":{"line":103,"column":5}},"19":{"start":{"line":78,"column":25},"end":{"line":83,"column":8}},"20":{"start":{"line":85,"column":6},"end":{"line":99,"column":7}},"21":{"start":{"line":87,"column":21},"end":{"line":87,"column":52}},"22":{"start":{"line":88,"column":22},"end":{"line":88,"column":73}},"23":{"start":{"line":90,"column":28},"end":{"line":95,"column":9}},"24":{"start":{"line":97,"column":8},"end":{"line":97,"column":29}},"25":{"start":{"line":98,"column":8},"end":{"line":98,"column":80}},"26":{"start":{"line":102,"column":6},"end":{"line":102,"column":29}},"27":{"start":{"line":107,"column":4},"end":{"line":107,"column":24}},"28":{"start":{"line":108,"column":4},"end":{"line":108,"column":50}},"29":{"start":{"line":111,"column":2},"end":{"line":124,"column":8}},"30":{"start":{"line":113,"column":26},"end":{"line":113,"column":68}},"31":{"start":{"line":114,"column":6},"end":{"line":118,"column":7}},"32":{"start":{"line":115,"column":27},"end":{"line":115,"column":58}},"33":{"start":{"line":117,"column":8},"end":{"line":117,"column":28}},"34":{"start":{"line":119,"column":6},"end":{"line":119,"column":35}},"35":{"start":{"line":122,"column":4},"end":{"line":122,"column":26}},"36":{"start":{"line":126,"column":2},"end":{"line":136,"column":4}},"37":{"start":{"line":141,"column":18},"end":{"line":141,"column":41}},"38":{"start":{"line":143,"column":2},"end":{"line":143,"column":17}}},"fnMap":{"0":{"name":"AuthProvider","decl":{"start":{"line":39,"column":9},"end":{"line":39,"column":21}},"loc":{"start":{"line":39,"column":55},"end":{"line":137,"column":1}},"line":39},"1":{"name":"signInWithGoogle","decl":{"start":{"line":45,"column":17},"end":{"line":45,"column":33}},"loc":{"start":{"line":45,"column":36},"end":{"line":73,"column":3}},"line":45},"2":{"name":"signInWithApple","decl":{"start":{"line":75,"column":17},"end":{"line":75,"column":32}},"loc":{"start":{"line":75,"column":35},"end":{"line":104,"column":3}},"line":75},"3":{"name":"signOut","decl":{"start":{"line":106,"column":17},"end":{"line":106,"column":24}},"loc":{"start":{"line":106,"column":27},"end":{"line":109,"column":3}},"line":106},"4":{"name":"(anonymous_4)","decl":{"start":{"line":111,"column":12},"end":{"line":111,"column":13}},"loc":{"start":{"line":111,"column":18},"end":{"line":124,"column":3}},"line":111},"5":{"name":"loadUserStorageData","decl":{"start":{"line":112,"column":19},"end":{"line":112,"column":38}},"loc":{"start":{"line":112,"column":41},"end":{"line":120,"column":5}},"line":112},"6":{"name":"useAuth","decl":{"start":{"line":140,"column":9},"end":{"line":140,"column":16}},"loc":{"start":{"line":140,"column":19},"end":{"line":144,"column":1}},"line":140}},"branchMap":{"0":{"loc":{"start":{"line":54,"column":6},"end":{"line":67,"column":7}},"type":"if","locations":[{"start":{"line":54,"column":6},"end":{"line":67,"column":7}},{"start":{"line":54,"column":6},"end":{"line":67,"column":7}}],"line":54},"1":{"loc":{"start":{"line":85,"column":6},"end":{"line":99,"column":7}},"type":"if","locations":[{"start":{"line":85,"column":6},"end":{"line":99,"column":7}},{"start":{"line":85,"column":6},"end":{"line":99,"column":7}}],"line":85},"2":{"loc":{"start":{"line":114,"column":6},"end":{"line":118,"column":7}},"type":"if","locations":[{"start":{"line":114,"column":6},"end":{"line":118,"column":7}},{"start":{"line":114,"column":6},"end":{"line":118,"column":7}}],"line":114}},"s":{"0":2,"1":2,"2":2,"3":6,"4":6,"5":6,"6":2,"7":2,"8":2,"9":2,"10":2,"11":2,"12":2,"13":2,"14":2,"15":2,"16":2,"17":0,"18":0,"19":0,"20":0,"21":0,"22":0,"23":0,"24":0,"25":0,"26":0,"27":0,"28":0,"29":6,"30":2,"31":2,"32":0,"33":0,"34":2,"35":2,"36":6,"37":8,"38":8},"f":{"0":6,"1":2,"2":0,"3":0,"4":2,"5":2,"6":8},"b":{"0":[2,0],"1":[0,0],"2":[0,2]},"_coverageSchema":"1a1c01bbd47fc00a2c39e90264f33305004495a9","hash":"2a716700b2770d3cc9ac4089605991d069dd9f13"}
,"C:\\Desenvolvimento\\estudos\\ignite\\projetos\\gofinances\\src\\routes\\app.routes.tsx": {"path":"C:\\Desenvolvimento\\estudos\\ignite\\projetos\\gofinances\\src\\routes\\app.routes.tsx","statementMap":{"0":{"start":{"line":11,"column":30},"end":{"line":11,"column":56}},"1":{"start":{"line":15,"column":16},"end":{"line":15,"column":26}},"2":{"start":{"line":17,"column":2},"end":{"line":69,"column":4}},"3":{"start":{"line":34,"column":12},"end":{"line":38,"column":14}},"4":{"start":{"line":47,"column":12},"end":{"line":51,"column":14}},"5":{"start":{"line":60,"column":12},"end":{"line":64,"column":14}}},"fnMap":{"0":{"name":"AppRoutes","decl":{"start":{"line":14,"column":16},"end":{"line":14,"column":25}},"loc":{"start":{"line":14,"column":28},"end":{"line":70,"column":1}},"line":14},"1":{"name":"(anonymous_1)","decl":{"start":{"line":33,"column":23},"end":{"line":33,"column":24}},"loc":{"start":{"line":34,"column":12},"end":{"line":38,"column":14}},"line":34},"2":{"name":"(anonymous_2)","decl":{"start":{"line":46,"column":23},"end":{"line":46,"column":24}},"loc":{"start":{"line":47,"column":12},"end":{"line":51,"column":14}},"line":47},"3":{"name":"(anonymous_3)","decl":{"start":{"line":59,"column":23},"end":{"line":59,"column":24}},"loc":{"start":{"line":60,"column":12},"end":{"line":64,"column":14}},"line":60}},"branchMap":{"0":{"loc":{"start":{"line":24,"column":27},"end":{"line":24,"column":57}},"type":"cond-expr","locations":[{"start":{"line":24,"column":51},"end":{"line":24,"column":53}},{"start":{"line":24,"column":56},"end":{"line":24,"column":57}}],"line":24}},"s":{"0":0,"1":0,"2":0,"3":0,"4":0,"5":0},"f":{"0":0,"1":0,"2":0,"3":0},"b":{"0":[0,0]}}
,"C:\\Desenvolvimento\\estudos\\ignite\\projetos\\gofinances\\src\\routes\\auth.routes.tsx": {"path":"C:\\Desenvolvimento\\estudos\\ignite\\projetos\\gofinances\\src\\routes\\auth.routes.tsx","statementMap":{"0":{"start":{"line":5,"column":30},"end":{"line":5,"column":52}},"1":{"start":{"line":8,"column":2},"end":{"line":15,"column":4}}},"fnMap":{"0":{"name":"AuthRoutes","decl":{"start":{"line":7,"column":16},"end":{"line":7,"column":26}},"loc":{"start":{"line":7,"column":29},"end":{"line":16,"column":1}},"line":7}},"branchMap":{},"s":{"0":0,"1":0},"f":{"0":0},"b":{}}
,"C:\\Desenvolvimento\\estudos\\ignite\\projetos\\gofinances\\src\\routes\\index.tsx": {"path":"C:\\Desenvolvimento\\estudos\\ignite\\projetos\\gofinances\\src\\routes\\index.tsx","statementMap":{"0":{"start":{"line":11,"column":19},"end":{"line":11,"column":28}},"1":{"start":{"line":12,"column":2},"end":{"line":16,"column":4}}},"fnMap":{"0":{"name":"Routes","decl":{"start":{"line":10,"column":16},"end":{"line":10,"column":22}},"loc":{"start":{"line":10,"column":25},"end":{"line":17,"column":1}},"line":10}},"branchMap":{"0":{"loc":{"start":{"line":14,"column":7},"end":{"line":14,"column":47}},"type":"cond-expr","locations":[{"start":{"line":14,"column":17},"end":{"line":14,"column":30}},{"start":{"line":14,"column":33},"end":{"line":14,"column":47}}],"line":14}},"s":{"0":0,"1":0},"f":{"0":0},"b":{"0":[0,0]}}
,"C:\\Desenvolvimento\\estudos\\ignite\\projetos\\gofinances\\src\\screens\\CategorySelect\\index.tsx": {"path":"C:\\Desenvolvimento\\estudos\\ignite\\projetos\\gofinances\\src\\screens\\CategorySelect\\index.tsx","statementMap":{"0":{"start":{"line":34,"column":4},"end":{"line":34,"column":26}},"1":{"start":{"line":37,"column":2},"end":{"line":67,"column":3}},"2":{"start":{"line":46,"column":32},"end":{"line":46,"column":40}},"3":{"start":{"line":48,"column":10},"end":{"line":54,"column":21}},"4":{"start":{"line":49,"column":27},"end":{"line":49,"column":53}},"5":{"start":{"line":56,"column":38},"end":{"line":56,"column":51}}},"fnMap":{"0":{"name":"CategorySelect","decl":{"start":{"line":28,"column":16},"end":{"line":28,"column":30}},"loc":{"start":{"line":32,"column":10},"end":{"line":68,"column":1}},"line":32},"1":{"name":"handleCategorySelect","decl":{"start":{"line":33,"column":11},"end":{"line":33,"column":31}},"loc":{"start":{"line":33,"column":52},"end":{"line":35,"column":3}},"line":33},"2":{"name":"(anonymous_2)","decl":{"start":{"line":46,"column":22},"end":{"line":46,"column":23}},"loc":{"start":{"line":46,"column":32},"end":{"line":46,"column":40}},"line":46},"3":{"name":"(anonymous_3)","decl":{"start":{"line":47,"column":20},"end":{"line":47,"column":21}},"loc":{"start":{"line":48,"column":10},"end":{"line":54,"column":21}},"line":48},"4":{"name":"(anonymous_4)","decl":{"start":{"line":49,"column":21},"end":{"line":49,"column":22}},"loc":{"start":{"line":49,"column":27},"end":{"line":49,"column":53}},"line":49},"5":{"name":"(anonymous_5)","decl":{"start":{"line":56,"column":32},"end":{"line":56,"column":33}},"loc":{"start":{"line":56,"column":38},"end":{"line":56,"column":51}},"line":56}},"branchMap":{},"s":{"0":0,"1":2,"2":12,"3":12,"4":0,"5":10},"f":{"0":2,"1":0,"2":12,"3":12,"4":0,"5":10},"b":{},"_coverageSchema":"1a1c01bbd47fc00a2c39e90264f33305004495a9","hash":"daf9c940e4d649d406becf4cdb8d4b10e179929e"}
,"C:\\Desenvolvimento\\estudos\\ignite\\projetos\\gofinances\\src\\screens\\Dashboard\\index.tsx": {"path":"C:\\Desenvolvimento\\estudos\\ignite\\projetos\\gofinances\\src\\screens\\Dashboard\\index.tsx","statementMap":{"0":{"start":{"line":45,"column":36},"end":{"line":45,"column":50}},"1":{"start":{"line":46,"column":42},"end":{"line":46,"column":71}},"2":{"start":{"line":47,"column":44},"end":{"line":47,"column":88}},"3":{"start":{"line":48,"column":28},"end":{"line":48,"column":37}},"4":{"start":{"line":50,"column":18},"end":{"line":50,"column":60}},"5":{"start":{"line":51,"column":16},"end":{"line":51,"column":26}},"6":{"start":{"line":55,"column":31},"end":{"line":55,"column":107}},"7":{"start":{"line":55,"column":81},"end":{"line":55,"column":106}},"8":{"start":{"line":57,"column":4},"end":{"line":59,"column":5}},"9":{"start":{"line":58,"column":6},"end":{"line":58,"column":15}},"10":{"start":{"line":61,"column":28},"end":{"line":64,"column":5}},"11":{"start":{"line":63,"column":45},"end":{"line":63,"column":81}},"12":{"start":{"line":66,"column":4},"end":{"line":66,"column":107}},"13":{"start":{"line":70,"column":21},"end":{"line":70,"column":56}},"14":{"start":{"line":71,"column":25},"end":{"line":71,"column":61}},"15":{"start":{"line":73,"column":23},"end":{"line":73,"column":24}},"16":{"start":{"line":74,"column":25},"end":{"line":74,"column":26}},"17":{"start":{"line":76,"column":51},"end":{"line":103,"column":6}},"18":{"start":{"line":78,"column":6},"end":{"line":82,"column":7}},"19":{"start":{"line":79,"column":8},"end":{"line":79,"column":44}},"20":{"start":{"line":81,"column":8},"end":{"line":81,"column":46}},"21":{"start":{"line":84,"column":21},"end":{"line":87,"column":8}},"22":{"start":{"line":89,"column":28},"end":{"line":93,"column":36}},"23":{"start":{"line":95,"column":6},"end":{"line":102,"column":7}},"24":{"start":{"line":105,"column":35},"end":{"line":105,"column":84}},"25":{"start":{"line":106,"column":38},"end":{"line":106,"column":87}},"26":{"start":{"line":107,"column":26},"end":{"line":107,"column":117}},"27":{"start":{"line":110,"column":18},"end":{"line":110,"column":47}},"28":{"start":{"line":112,"column":4},"end":{"line":134,"column":7}},"29":{"start":{"line":136,"column":4},"end":{"line":136,"column":43}},"30":{"start":{"line":137,"column":4},"end":{"line":137,"column":24}},"31":{"start":{"line":140,"column":2},"end":{"line":142,"column":9}},"32":{"start":{"line":141,"column":4},"end":{"line":141,"column":23}},"33":{"start":{"line":145,"column":2},"end":{"line":147,"column":10}},"34":{"start":{"line":146,"column":4},"end":{"line":146,"column":23}},"35":{"start":{"line":149,"column":2},"end":{"line":212,"column":4}},"36":{"start":{"line":205,"column":38},"end":{"line":205,"column":45}},"37":{"start":{"line":206,"column":42},"end":{"line":206,"column":73}}},"fnMap":{"0":{"name":"Dashboard","decl":{"start":{"line":44,"column":16},"end":{"line":44,"column":25}},"loc":{"start":{"line":44,"column":28},"end":{"line":213,"column":1}},"line":44},"1":{"name":"getLastTransactionsDate","decl":{"start":{"line":53,"column":11},"end":{"line":53,"column":34}},"loc":{"start":{"line":53,"column":95},"end":{"line":67,"column":3}},"line":53},"2":{"name":"(anonymous_2)","decl":{"start":{"line":55,"column":49},"end":{"line":55,"column":50}},"loc":{"start":{"line":55,"column":81},"end":{"line":55,"column":106}},"line":55},"3":{"name":"(anonymous_3)","decl":{"start":{"line":63,"column":13},"end":{"line":63,"column":14}},"loc":{"start":{"line":63,"column":45},"end":{"line":63,"column":81}},"line":63},"4":{"name":"loadTransactions","decl":{"start":{"line":69,"column":17},"end":{"line":69,"column":33}},"loc":{"start":{"line":69,"column":36},"end":{"line":138,"column":3}},"line":69},"5":{"name":"(anonymous_5)","decl":{"start":{"line":76,"column":68},"end":{"line":76,"column":69}},"loc":{"start":{"line":76,"column":93},"end":{"line":103,"column":5}},"line":76},"6":{"name":"(anonymous_6)","decl":{"start":{"line":140,"column":12},"end":{"line":140,"column":13}},"loc":{"start":{"line":140,"column":18},"end":{"line":142,"column":3}},"line":140},"7":{"name":"(anonymous_7)","decl":{"start":{"line":145,"column":29},"end":{"line":145,"column":30}},"loc":{"start":{"line":145,"column":35},"end":{"line":147,"column":3}},"line":145},"8":{"name":"(anonymous_8)","decl":{"start":{"line":205,"column":30},"end":{"line":205,"column":31}},"loc":{"start":{"line":205,"column":38},"end":{"line":205,"column":45}},"line":205},"9":{"name":"(anonymous_9)","decl":{"start":{"line":206,"column":28},"end":{"line":206,"column":29}},"loc":{"start":{"line":206,"column":42},"end":{"line":206,"column":73}},"line":206}},"branchMap":{"0":{"loc":{"start":{"line":57,"column":4},"end":{"line":59,"column":5}},"type":"if","locations":[{"start":{"line":57,"column":4},"end":{"line":59,"column":5}},{"start":{"line":57,"column":4},"end":{"line":59,"column":5}}],"line":57},"1":{"loc":{"start":{"line":71,"column":25},"end":{"line":71,"column":61}},"type":"cond-expr","locations":[{"start":{"line":71,"column":36},"end":{"line":71,"column":56}},{"start":{"line":71,"column":59},"end":{"line":71,"column":61}}],"line":71},"2":{"loc":{"start":{"line":78,"column":6},"end":{"line":82,"column":7}},"type":"if","locations":[{"start":{"line":78,"column":6},"end":{"line":82,"column":7}},{"start":{"line":78,"column":6},"end":{"line":82,"column":7}}],"line":78},"3":{"loc":{"start":{"line":107,"column":26},"end":{"line":107,"column":117}},"type":"cond-expr","locations":[{"start":{"line":107,"column":60},"end":{"line":107,"column":79}},{"start":{"line":107,"column":82},"end":{"line":107,"column":117}}],"line":107},"4":{"loc":{"start":{"line":118,"column":25},"end":{"line":118,"column":124}},"type":"cond-expr","locations":[{"start":{"line":118,"column":56},"end":{"line":118,"column":75}},{"start":{"line":118,"column":78},"end":{"line":118,"column":124}}],"line":118},"5":{"loc":{"start":{"line":125,"column":25},"end":{"line":125,"column":130}},"type":"cond-expr","locations":[{"start":{"line":125,"column":59},"end":{"line":125,"column":78}},{"start":{"line":125,"column":81},"end":{"line":125,"column":130}}],"line":125},"6":{"loc":{"start":{"line":152,"column":8},"end":{"line":209,"column":13}},"type":"cond-expr","locations":[{"start":{"line":153,"column":10},"end":{"line":158,"column":26}},{"start":{"line":159,"column":10},"end":{"line":209,"column":13}}],"line":152}},"s":{"0":0,"1":0,"2":0,"3":0,"4":0,"5":0,"6":0,"7":0,"8":0,"9":0,"10":0,"11":0,"12":0,"13":0,"14":0,"15":0,"16":0,"17":0,"18":0,"19":0,"20":0,"21":0,"22":0,"23":0,"24":0,"25":0,"26":0,"27":0,"28":0,"29":0,"30":0,"31":0,"32":0,"33":0,"34":0,"35":0,"36":0,"37":0},"f":{"0":0,"1":0,"2":0,"3":0,"4":0,"5":0,"6":0,"7":0,"8":0,"9":0},"b":{"0":[0,0],"1":[0,0],"2":[0,0],"3":[0,0],"4":[0,0],"5":[0,0],"6":[0,0]}}
,"C:\\Desenvolvimento\\estudos\\ignite\\projetos\\gofinances\\src\\screens\\Profile\\index.tsx": {"path":"C:\\Desenvolvimento\\estudos\\ignite\\projetos\\gofinances\\src\\screens\\Profile\\index.tsx","statementMap":{"0":{"start":{"line":5,"column":2},"end":{"line":29,"column":4}}},"fnMap":{"0":{"name":"Profile","decl":{"start":{"line":4,"column":16},"end":{"line":4,"column":23}},"loc":{"start":{"line":4,"column":26},"end":{"line":30,"column":1}},"line":4},"1":{"name":"(anonymous_1)","decl":{"start":{"line":25,"column":17},"end":{"line":25,"column":18}},"loc":{"start":{"line":25,"column":23},"end":{"line":25,"column":26}},"line":25}},"branchMap":{},"s":{"0":3},"f":{"0":3,"1":0},"b":{},"_coverageSchema":"1a1c01bbd47fc00a2c39e90264f33305004495a9","hash":"1ae3e5e003c36b33f74c0f785120219339602a94"}
,"C:\\Desenvolvimento\\estudos\\ignite\\projetos\\gofinances\\src\\screens\\Register\\index.tsx": {"path":"C:\\Desenvolvimento\\estudos\\ignite\\projetos\\gofinances\\src\\screens\\Register\\index.tsx","statementMap":{"0":{"start":{"line":39,"column":15},"end":{"line":48,"column":2}},"1":{"start":{"line":51,"column":48},"end":{"line":51,"column":60}},"2":{"start":{"line":52,"column":52},"end":{"line":52,"column":67}},"3":{"start":{"line":54,"column":19},"end":{"line":54,"column":28}},"4":{"start":{"line":56,"column":18},"end":{"line":56,"column":61}},"5":{"start":{"line":58,"column":21},"end":{"line":58,"column":36}},"6":{"start":{"line":60,"column":34},"end":{"line":63,"column":4}},"7":{"start":{"line":71,"column":6},"end":{"line":73,"column":4}},"8":{"start":{"line":76,"column":4},"end":{"line":76,"column":29}},"9":{"start":{"line":80,"column":4},"end":{"line":80,"column":31}},"10":{"start":{"line":84,"column":4},"end":{"line":84,"column":32}},"11":{"start":{"line":88,"column":4},"end":{"line":89,"column":57}},"12":{"start":{"line":89,"column":6},"end":{"line":89,"column":57}},"13":{"start":{"line":91,"column":4},"end":{"line":92,"column":49}},"14":{"start":{"line":92,"column":6},"end":{"line":92,"column":49}},"15":{"start":{"line":94,"column":27},"end":{"line":101,"column":5}},"16":{"start":{"line":103,"column":4},"end":{"line":128,"column":5}},"17":{"start":{"line":104,"column":19},"end":{"line":104,"column":54}},"18":{"start":{"line":105,"column":26},"end":{"line":105,"column":54}},"19":{"start":{"line":107,"column":28},"end":{"line":110,"column":7}},"20":{"start":{"line":111,"column":6},"end":{"line":111,"column":73}},"21":{"start":{"line":113,"column":6},"end":{"line":113,"column":14}},"22":{"start":{"line":114,"column":6},"end":{"line":114,"column":29}},"23":{"start":{"line":115,"column":6},"end":{"line":118,"column":9}},"24":{"start":{"line":120,"column":6},"end":{"line":120,"column":38}},"25":{"start":{"line":122,"column":6},"end":{"line":122,"column":39}},"26":{"start":{"line":126,"column":6},"end":{"line":126,"column":25}},"27":{"start":{"line":127,"column":6},"end":{"line":127,"column":44}},"28":{"start":{"line":132,"column":2},"end":{"line":198,"column":4}},"29":{"start":{"line":162,"column":31},"end":{"line":162,"column":70}},"30":{"start":{"line":168,"column":31},"end":{"line":168,"column":70}}},"fnMap":{"0":{"name":"Register","decl":{"start":{"line":50,"column":16},"end":{"line":50,"column":24}},"loc":{"start":{"line":50,"column":27},"end":{"line":199,"column":1}},"line":50},"1":{"name":"handleTransactionTypeSelect","decl":{"start":{"line":75,"column":11},"end":{"line":75,"column":38}},"loc":{"start":{"line":75,"column":70},"end":{"line":77,"column":3}},"line":75},"2":{"name":"handleOpenSelectCategoryModal","decl":{"start":{"line":79,"column":11},"end":{"line":79,"column":40}},"loc":{"start":{"line":79,"column":43},"end":{"line":81,"column":3}},"line":79},"3":{"name":"handleCloseSelectCategoryModal","decl":{"start":{"line":83,"column":11},"end":{"line":83,"column":41}},"loc":{"start":{"line":83,"column":44},"end":{"line":85,"column":3}},"line":83},"4":{"name":"handleRegister","decl":{"start":{"line":87,"column":17},"end":{"line":87,"column":31}},"loc":{"start":{"line":87,"column":48},"end":{"line":129,"column":3}},"line":87},"5":{"name":"(anonymous_5)","decl":{"start":{"line":162,"column":25},"end":{"line":162,"column":26}},"loc":{"start":{"line":162,"column":31},"end":{"line":162,"column":70}},"line":162},"6":{"name":"(anonymous_6)","decl":{"start":{"line":168,"column":25},"end":{"line":168,"column":26}},"loc":{"start":{"line":168,"column":31},"end":{"line":168,"column":70}},"line":168}},"branchMap":{"0":{"loc":{"start":{"line":88,"column":4},"end":{"line":89,"column":57}},"type":"if","locations":[{"start":{"line":88,"column":4},"end":{"line":89,"column":57}},{"start":{"line":88,"column":4},"end":{"line":89,"column":57}}],"line":88},"1":{"loc":{"start":{"line":91,"column":4},"end":{"line":92,"column":49}},"type":"if","locations":[{"start":{"line":91,"column":4},"end":{"line":92,"column":49}},{"start":{"line":91,"column":4},"end":{"line":92,"column":49}}],"line":91},"2":{"loc":{"start":{"line":105,"column":26},"end":{"line":105,"column":54}},"type":"cond-expr","locations":[{"start":{"line":105,"column":33},"end":{"line":105,"column":49}},{"start":{"line":105,"column":52},"end":{"line":105,"column":54}}],"line":105},"3":{"loc":{"start":{"line":147,"column":21},"end":{"line":147,"column":55}},"type":"binary-expr","locations":[{"start":{"line":147,"column":21},"end":{"line":147,"column":32}},{"start":{"line":147,"column":36},"end":{"line":147,"column":55}}],"line":147},"4":{"loc":{"start":{"line":155,"column":21},"end":{"line":155,"column":59}},"type":"binary-expr","locations":[{"start":{"line":155,"column":21},"end":{"line":155,"column":34}},{"start":{"line":155,"column":38},"end":{"line":155,"column":59}}],"line":155}},"s":{"0":1,"1":2,"2":2,"3":2,"4":2,"5":2,"6":2,"7":2,"8":0,"9":1,"10":0,"11":0,"12":0,"13":0,"14":0,"15":0,"16":0,"17":0,"18":0,"19":0,"20":0,"21":0,"22":0,"23":0,"24":0,"25":0,"26":0,"27":0,"28":2,"29":0,"30":0},"f":{"0":2,"1":0,"2":1,"3":0,"4":0,"5":0,"6":0},"b":{"0":[0,0],"1":[0,0],"2":[0,0],"3":[2,0],"4":[2,0]},"_coverageSchema":"1a1c01bbd47fc00a2c39e90264f33305004495a9","hash":"7fdd6bb39d7343c1ad03083d4fc1b0665a2a2a0e"}
,"C:\\Desenvolvimento\\estudos\\ignite\\projetos\\gofinances\\src\\screens\\Resume\\index.tsx": {"path":"C:\\Desenvolvimento\\estudos\\ignite\\projetos\\gofinances\\src\\screens\\Resume\\index.tsx","statementMap":{"0":{"start":{"line":48,"column":36},"end":{"line":48,"column":51}},"1":{"start":{"line":49,"column":42},"end":{"line":49,"column":62}},"2":{"start":{"line":50,"column":52},"end":{"line":50,"column":80}},"3":{"start":{"line":52,"column":19},"end":{"line":52,"column":28}},"4":{"start":{"line":54,"column":16},"end":{"line":54,"column":26}},"5":{"start":{"line":57,"column":4},"end":{"line":61,"column":5}},"6":{"start":{"line":58,"column":6},"end":{"line":58,"column":50}},"7":{"start":{"line":60,"column":6},"end":{"line":60,"column":50}},"8":{"start":{"line":65,"column":4},"end":{"line":65,"column":23}},"9":{"start":{"line":66,"column":20},"end":{"line":66,"column":62}},"10":{"start":{"line":67,"column":21},"end":{"line":67,"column":56}},"11":{"start":{"line":68,"column":30},"end":{"line":68,"column":66}},"12":{"start":{"line":70,"column":23},"end":{"line":74,"column":5}},"13":{"start":{"line":71,"column":6},"end":{"line":73,"column":75}},"14":{"start":{"line":78,"column":28},"end":{"line":80,"column":9}},"15":{"start":{"line":79,"column":6},"end":{"line":79,"column":53}},"16":{"start":{"line":82,"column":44},"end":{"line":82,"column":46}},"17":{"start":{"line":84,"column":4},"end":{"line":110,"column":7}},"18":{"start":{"line":85,"column":24},"end":{"line":85,"column":25}},"19":{"start":{"line":87,"column":6},"end":{"line":91,"column":9}},"20":{"start":{"line":88,"column":8},"end":{"line":90,"column":9}},"21":{"start":{"line":89,"column":10},"end":{"line":89,"column":50}},"22":{"start":{"line":93,"column":6},"end":{"line":109,"column":7}},"23":{"start":{"line":94,"column":31},"end":{"line":97,"column":10}},"24":{"start":{"line":99,"column":24},"end":{"line":99,"column":78}},"25":{"start":{"line":101,"column":8},"end":{"line":108,"column":11}},"26":{"start":{"line":112,"column":4},"end":{"line":112,"column":42}},"27":{"start":{"line":113,"column":4},"end":{"line":113,"column":24}},"28":{"start":{"line":116,"column":2},"end":{"line":118,"column":22}},"29":{"start":{"line":117,"column":4},"end":{"line":117,"column":15}},"30":{"start":{"line":120,"column":2},"end":{"line":187,"column":3}},"31":{"start":{"line":144,"column":48},"end":{"line":144,"column":72}},"32":{"start":{"line":152,"column":48},"end":{"line":152,"column":72}},"33":{"start":{"line":160,"column":62},"end":{"line":160,"column":76}},"34":{"start":{"line":176,"column":16},"end":{"line":181,"column":18}}},"fnMap":{"0":{"name":"Resume","decl":{"start":{"line":47,"column":16},"end":{"line":47,"column":22}},"loc":{"start":{"line":47,"column":25},"end":{"line":188,"column":1}},"line":47},"1":{"name":"handleDateChange","decl":{"start":{"line":56,"column":11},"end":{"line":56,"column":27}},"loc":{"start":{"line":56,"column":53},"end":{"line":62,"column":3}},"line":56},"2":{"name":"loadData","decl":{"start":{"line":64,"column":17},"end":{"line":64,"column":25}},"loc":{"start":{"line":64,"column":28},"end":{"line":114,"column":3}},"line":64},"3":{"name":"(anonymous_3)","decl":{"start":{"line":70,"column":48},"end":{"line":70,"column":49}},"loc":{"start":{"line":71,"column":6},"end":{"line":73,"column":75}},"line":71},"4":{"name":"(anonymous_4)","decl":{"start":{"line":78,"column":46},"end":{"line":78,"column":47}},"loc":{"start":{"line":78,"column":99},"end":{"line":80,"column":5}},"line":78},"5":{"name":"(anonymous_5)","decl":{"start":{"line":84,"column":23},"end":{"line":84,"column":24}},"loc":{"start":{"line":84,"column":35},"end":{"line":110,"column":5}},"line":84},"6":{"name":"(anonymous_6)","decl":{"start":{"line":87,"column":25},"end":{"line":87,"column":26}},"loc":{"start":{"line":87,"column":57},"end":{"line":91,"column":7}},"line":87},"7":{"name":"(anonymous_7)","decl":{"start":{"line":116,"column":29},"end":{"line":116,"column":30}},"loc":{"start":{"line":116,"column":35},"end":{"line":118,"column":3}},"line":116},"8":{"name":"(anonymous_8)","decl":{"start":{"line":144,"column":42},"end":{"line":144,"column":43}},"loc":{"start":{"line":144,"column":48},"end":{"line":144,"column":72}},"line":144},"9":{"name":"(anonymous_9)","decl":{"start":{"line":152,"column":42},"end":{"line":152,"column":43}},"loc":{"start":{"line":152,"column":48},"end":{"line":152,"column":72}},"line":152},"10":{"name":"(anonymous_10)","decl":{"start":{"line":160,"column":50},"end":{"line":160,"column":51}},"loc":{"start":{"line":160,"column":62},"end":{"line":160,"column":76}},"line":160},"11":{"name":"(anonymous_11)","decl":{"start":{"line":175,"column":36},"end":{"line":175,"column":37}},"loc":{"start":{"line":175,"column":46},"end":{"line":182,"column":15}},"line":175}},"branchMap":{"0":{"loc":{"start":{"line":57,"column":4},"end":{"line":61,"column":5}},"type":"if","locations":[{"start":{"line":57,"column":4},"end":{"line":61,"column":5}},{"start":{"line":57,"column":4},"end":{"line":61,"column":5}}],"line":57},"1":{"loc":{"start":{"line":68,"column":30},"end":{"line":68,"column":66}},"type":"cond-expr","locations":[{"start":{"line":68,"column":41},"end":{"line":68,"column":61}},{"start":{"line":68,"column":64},"end":{"line":68,"column":66}}],"line":68},"2":{"loc":{"start":{"line":71,"column":6},"end":{"line":73,"column":75}},"type":"binary-expr","locations":[{"start":{"line":71,"column":6},"end":{"line":71,"column":35}},{"start":{"line":72,"column":6},"end":{"line":72,"column":69}},{"start":{"line":73,"column":6},"end":{"line":73,"column":75}}],"line":71},"3":{"loc":{"start":{"line":88,"column":8},"end":{"line":90,"column":9}},"type":"if","locations":[{"start":{"line":88,"column":8},"end":{"line":90,"column":9}},{"start":{"line":88,"column":8},"end":{"line":90,"column":9}}],"line":88},"4":{"loc":{"start":{"line":93,"column":6},"end":{"line":109,"column":7}},"type":"if","locations":[{"start":{"line":93,"column":6},"end":{"line":109,"column":7}},{"start":{"line":93,"column":6},"end":{"line":109,"column":7}}],"line":93},"5":{"loc":{"start":{"line":127,"column":8},"end":{"line":184,"column":20}},"type":"cond-expr","locations":[{"start":{"line":128,"column":10},"end":{"line":133,"column":26}},{"start":{"line":135,"column":10},"end":{"line":184,"column":20}}],"line":127}},"s":{"0":0,"1":0,"2":0,"3":0,"4":0,"5":0,"6":0,"7":0,"8":0,"9":0,"10":0,"11":0,"12":0,"13":0,"14":0,"15":0,"16":0,"17":0,"18":0,"19":0,"20":0,"21":0,"22":0,"23":0,"24":0,"25":0,"26":0,"27":0,"28":0,"29":0,"30":0,"31":0,"32":0,"33":0,"34":0},"f":{"0":0,"1":0,"2":0,"3":0,"4":0,"5":0,"6":0,"7":0,"8":0,"9":0,"10":0,"11":0},"b":{"0":[0,0],"1":[0,0],"2":[0,0,0],"3":[0,0],"4":[0,0],"5":[0,0]}}
,"C:\\Desenvolvimento\\estudos\\ignite\\projetos\\gofinances\\src\\screens\\SingnIn\\index.tsx": {"path":"C:\\Desenvolvimento\\estudos\\ignite\\projetos\\gofinances\\src\\screens\\SingnIn\\index.tsx","statementMap":{"0":{"start":{"line":25,"column":36},"end":{"line":25,"column":51}},"1":{"start":{"line":26,"column":68},"end":{"line":26,"column":77}},"2":{"start":{"line":28,"column":16},"end":{"line":28,"column":26}},"3":{"start":{"line":31,"column":4},"end":{"line":37,"column":5}},"4":{"start":{"line":32,"column":6},"end":{"line":32,"column":25}},"5":{"start":{"line":33,"column":6},"end":{"line":33,"column":38}},"6":{"start":{"line":35,"column":6},"end":{"line":35,"column":62}},"7":{"start":{"line":36,"column":6},"end":{"line":36,"column":26}},"8":{"start":{"line":41,"column":4},"end":{"line":47,"column":5}},"9":{"start":{"line":42,"column":6},"end":{"line":42,"column":25}},"10":{"start":{"line":43,"column":6},"end":{"line":43,"column":37}},"11":{"start":{"line":45,"column":6},"end":{"line":45,"column":61}},"12":{"start":{"line":46,"column":6},"end":{"line":46,"column":26}},"13":{"start":{"line":51,"column":2},"end":{"line":99,"column":4}}},"fnMap":{"0":{"name":"SignIn","decl":{"start":{"line":24,"column":16},"end":{"line":24,"column":22}},"loc":{"start":{"line":24,"column":25},"end":{"line":100,"column":1}},"line":24},"1":{"name":"handleSignInWithGoogle","decl":{"start":{"line":30,"column":17},"end":{"line":30,"column":39}},"loc":{"start":{"line":30,"column":42},"end":{"line":38,"column":3}},"line":30},"2":{"name":"handleSignInWithApple","decl":{"start":{"line":40,"column":17},"end":{"line":40,"column":38}},"loc":{"start":{"line":40,"column":41},"end":{"line":48,"column":3}},"line":40}},"branchMap":{"0":{"loc":{"start":{"line":80,"column":12},"end":{"line":85,"column":14}},"type":"binary-expr","locations":[{"start":{"line":80,"column":12},"end":{"line":80,"column":33}},{"start":{"line":81,"column":12},"end":{"line":85,"column":14}}],"line":80},"1":{"loc":{"start":{"line":89,"column":9},"end":{"line":94,"column":12}},"type":"binary-expr","locations":[{"start":{"line":89,"column":9},"end":{"line":89,"column":18}},{"start":{"line":90,"column":10},"end":{"line":94,"column":12}}],"line":89}},"s":{"0":0,"1":0,"2":0,"3":0,"4":0,"5":0,"6":0,"7":0,"8":0,"9":0,"10":0,"11":0,"12":0,"13":0},"f":{"0":0,"1":0,"2":0},"b":{"0":[0,0],"1":[0,0]}}
}
