TN:
SF:src\components\CategorySelectButton\index.tsx
FN:15,CategorySelectButton
FNF:1
FNH:1
FNDA:2,CategorySelectButton
DA:16,2
LF:1
LH:1
BRF:0
BRH:0
end_of_record
TN:
SF:src\components\Forms\Button\index.tsx
FN:11,Button
FNF:1
FNH:1
FNDA:4,Button
DA:12,4
LF:1
LH:1
BRF:0
BRH:0
end_of_record
TN:
SF:src\components\Forms\Input\index.tsx
FN:10,Input
FNF:1
FNH:1
FNDA:5,Input
DA:11,5
LF:1
LH:1
BRDA:10,0,0,4
BRF:1
BRH:1
end_of_record
TN:
SF:src\components\Forms\InputForm\index.tsx
FN:15,InputForm
FN:20,(anonymous_1)
FNF:2
FNH:2
FNDA:4,InputForm
FNDA:4,(anonymous_1)
DA:16,4
DA:21,4
LF:2
LH:2
BRDA:29,0,0,4
BRDA:29,0,1,0
BRF:2
BRH:1
end_of_record
TN:
SF:src\components\Forms\TransactionTypeButton\index.tsx
FN:22,TransactionTypeButton
FNF:1
FNH:1
FNDA:4,TransactionTypeButton
DA:11,1
DA:23,4
LF:2
LH:2
BRF:0
BRH:0
end_of_record
TN:
SF:src\components\HighlightCard\index.tsx
FN:26,HighlightCard
FNF:1
FNH:0
FNDA:0,HighlightCard
DA:20,0
DA:27,0
LF:2
LH:0
BRF:0
BRH:0
end_of_record
TN:
SF:src\components\HistoryCard\index.tsx
FN:15,HistoryCard
FNF:1
FNH:0
FNDA:0,HistoryCard
DA:16,0
LF:1
LH:0
BRF:0
BRH:0
end_of_record
TN:
SF:src\components\SignInSocialButton\index.tsx
FN:16,SignInSocialButton
FNF:1
FNH:0
FNDA:0,SignInSocialButton
DA:17,0
LF:1
LH:0
BRF:0
BRH:0
end_of_record
TN:
SF:src\components\TransactionCard\index.tsx
FN:28,TransactionCard
FN:30,(anonymous_1)
FNF:2
FNH:0
FNDA:0,TransactionCard
FNDA:0,(anonymous_1)
DA:29,0
DA:30,0
DA:33,0
LF:3
LH:0
BRDA:39,0,0,0
BRDA:39,0,1,0
BRF:2
BRH:0
end_of_record
TN:
SF:src\hooks\auth.tsx
FN:39,AuthProvider
FN:45,signInWithGoogle
FN:75,signInWithApple
FN:106,signOut
FN:111,(anonymous_4)
FN:112,loadUserStorageData
FN:140,useAuth
FNF:7
FNH:5
FNDA:8,AuthProvider
FNDA:3,signInWithGoogle
FNDA:0,signInWithApple
FNDA:0,signOut
FNDA:3,(anonymous_4)
FNDA:3,loadUserStorageData
FNDA:10,useAuth
DA:8,2
DA:9,2
DA:37,2
DA:40,8
DA:41,8
DA:43,8
DA:46,3
DA:47,3
DA:48,3
DA:50,3
DA:52,3
DA:54,3
DA:55,3
DA:56,3
DA:58,2
DA:65,2
DA:66,2
DA:71,1
DA:76,0
DA:78,0
DA:85,0
DA:87,0
DA:88,0
DA:90,0
DA:97,0
DA:98,0
DA:102,0
DA:107,0
DA:108,0
DA:111,8
DA:113,3
DA:114,3
DA:115,0
DA:117,0
DA:119,3
DA:122,3
DA:126,8
DA:141,10
DA:143,10
LF:39
LH:26
BRDA:54,0,0,3
BRDA:54,0,1,0
BRDA:85,1,0,0
BRDA:85,1,1,0
BRDA:114,2,0,0
BRDA:114,2,1,3
BRF:6
BRH:2
end_of_record
TN:
SF:src\routes\app.routes.tsx
FN:14,AppRoutes
FN:33,(anonymous_1)
FN:46,(anonymous_2)
FN:59,(anonymous_3)
FNF:4
FNH:0
FNDA:0,AppRoutes
FNDA:0,(anonymous_1)
FNDA:0,(anonymous_2)
FNDA:0,(anonymous_3)
DA:11,0
DA:15,0
DA:17,0
DA:34,0
DA:47,0
DA:60,0
LF:6
LH:0
BRDA:24,0,0,0
BRDA:24,0,1,0
BRF:2
BRH:0
end_of_record
TN:
SF:src\routes\auth.routes.tsx
FN:7,AuthRoutes
FNF:1
FNH:0
FNDA:0,AuthRoutes
DA:5,0
DA:8,0
LF:2
LH:0
BRF:0
BRH:0
end_of_record
TN:
SF:src\routes\index.tsx
FN:10,Routes
FNF:1
FNH:0
FNDA:0,Routes
DA:11,0
DA:12,0
LF:2
LH:0
BRDA:14,0,0,0
BRDA:14,0,1,0
BRF:2
BRH:0
end_of_record
TN:
SF:src\screens\CategorySelect\index.tsx
FN:28,CategorySelect
FN:33,handleCategorySelect
FN:46,(anonymous_2)
FN:47,(anonymous_3)
FN:49,(anonymous_4)
FN:56,(anonymous_5)
FNF:6
FNH:4
FNDA:2,CategorySelect
FNDA:0,handleCategorySelect
FNDA:12,(anonymous_2)
FNDA:12,(anonymous_3)
FNDA:0,(anonymous_4)
FNDA:10,(anonymous_5)
DA:34,0
DA:37,2
DA:46,12
DA:48,12
DA:49,0
DA:56,10
LF:6
LH:4
BRF:0
BRH:0
end_of_record
TN:
SF:src\screens\Dashboard\index.tsx
FN:44,Dashboard
FN:53,getLastTransactionsDate
FN:55,(anonymous_2)
FN:63,(anonymous_3)
FN:69,loadTransactions
FN:76,(anonymous_5)
FN:140,(anonymous_6)
FN:145,(anonymous_7)
FN:205,(anonymous_8)
FN:206,(anonymous_9)
FNF:10
FNH:0
FNDA:0,Dashboard
FNDA:0,getLastTransactionsDate
FNDA:0,(anonymous_2)
FNDA:0,(anonymous_3)
FNDA:0,loadTransactions
FNDA:0,(anonymous_5)
FNDA:0,(anonymous_6)
FNDA:0,(anonymous_7)
FNDA:0,(anonymous_8)
FNDA:0,(anonymous_9)
DA:45,0
DA:46,0
DA:47,0
DA:48,0
DA:50,0
DA:51,0
DA:55,0
DA:57,0
DA:58,0
DA:61,0
DA:63,0
DA:66,0
DA:70,0
DA:71,0
DA:73,0
DA:74,0
DA:76,0
DA:78,0
DA:79,0
DA:81,0
DA:84,0
DA:89,0
DA:95,0
DA:105,0
DA:106,0
DA:107,0
DA:110,0
DA:112,0
DA:136,0
DA:137,0
DA:140,0
DA:141,0
DA:145,0
DA:146,0
DA:149,0
DA:205,0
DA:206,0
LF:37
LH:0
BRDA:57,0,0,0
BRDA:57,0,1,0
BRDA:71,1,0,0
BRDA:71,1,1,0
BRDA:78,2,0,0
BRDA:78,2,1,0
BRDA:107,3,0,0
BRDA:107,3,1,0
BRDA:118,4,0,0
BRDA:118,4,1,0
BRDA:125,5,0,0
BRDA:125,5,1,0
BRDA:152,6,0,0
BRDA:152,6,1,0
BRF:14
BRH:0
end_of_record
TN:
SF:src\screens\Profile\index.tsx
FN:4,Profile
FN:25,(anonymous_1)
FNF:2
FNH:1
FNDA:3,Profile
FNDA:0,(anonymous_1)
DA:5,3
LF:1
LH:1
BRF:0
BRH:0
end_of_record
TN:
SF:src\screens\Register\index.tsx
FN:50,Register
FN:75,handleTransactionTypeSelect
FN:79,handleOpenSelectCategoryModal
FN:83,handleCloseSelectCategoryModal
FN:87,handleRegister
FN:162,(anonymous_5)
FN:168,(anonymous_6)
FNF:7
FNH:2
FNDA:2,Register
FNDA:0,handleTransactionTypeSelect
FNDA:1,handleOpenSelectCategoryModal
FNDA:0,handleCloseSelectCategoryModal
FNDA:0,handleRegister
FNDA:0,(anonymous_5)
FNDA:0,(anonymous_6)
DA:39,1
DA:51,2
DA:52,2
DA:54,2
DA:56,2
DA:58,2
DA:60,2
DA:71,2
DA:76,0
DA:80,1
DA:84,0
DA:88,0
DA:89,0
DA:91,0
DA:92,0
DA:94,0
DA:103,0
DA:104,0
DA:105,0
DA:107,0
DA:111,0
DA:113,0
DA:114,0
DA:115,0
DA:120,0
DA:122,0
DA:126,0
DA:127,0
DA:132,2
DA:162,0
DA:168,0
LF:31
LH:10
BRDA:88,0,0,0
BRDA:88,0,1,0
BRDA:91,1,0,0
BRDA:91,1,1,0
BRDA:105,2,0,0
BRDA:105,2,1,0
BRDA:147,3,0,2
BRDA:147,3,1,0
BRDA:155,4,0,2
BRDA:155,4,1,0
BRF:10
BRH:2
end_of_record
TN:
SF:src\screens\Resume\index.tsx
FN:47,Resume
FN:56,handleDateChange
FN:64,loadData
FN:70,(anonymous_3)
FN:78,(anonymous_4)
FN:84,(anonymous_5)
FN:87,(anonymous_6)
FN:116,(anonymous_7)
FN:144,(anonymous_8)
FN:152,(anonymous_9)
FN:160,(anonymous_10)
FN:175,(anonymous_11)
FNF:12
FNH:0
FNDA:0,Resume
FNDA:0,handleDateChange
FNDA:0,loadData
FNDA:0,(anonymous_3)
FNDA:0,(anonymous_4)
FNDA:0,(anonymous_5)
FNDA:0,(anonymous_6)
FNDA:0,(anonymous_7)
FNDA:0,(anonymous_8)
FNDA:0,(anonymous_9)
FNDA:0,(anonymous_10)
FNDA:0,(anonymous_11)
DA:48,0
DA:49,0
DA:50,0
DA:52,0
DA:54,0
DA:57,0
DA:58,0
DA:60,0
DA:65,0
DA:66,0
DA:67,0
DA:68,0
DA:70,0
DA:71,0
DA:78,0
DA:79,0
DA:82,0
DA:84,0
DA:85,0
DA:87,0
DA:88,0
DA:89,0
DA:93,0
DA:94,0
DA:99,0
DA:101,0
DA:112,0
DA:113,0
DA:116,0
DA:117,0
DA:120,0
DA:144,0
DA:152,0
DA:160,0
DA:176,0
LF:35
LH:0
BRDA:57,0,0,0
BRDA:57,0,1,0
BRDA:68,1,0,0
BRDA:68,1,1,0
BRDA:71,2,0,0
BRDA:71,2,1,0
BRDA:71,2,2,0
BRDA:88,3,0,0
BRDA:88,3,1,0
BRDA:93,4,0,0
BRDA:93,4,1,0
BRDA:127,5,0,0
BRDA:127,5,1,0
BRF:13
BRH:0
end_of_record
TN:
SF:src\screens\SingnIn\index.tsx
FN:24,SignIn
FN:30,handleSignInWithGoogle
FN:40,handleSignInWithApple
FNF:3
FNH:0
FNDA:0,SignIn
FNDA:0,handleSignInWithGoogle
FNDA:0,handleSignInWithApple
DA:25,0
DA:26,0
DA:28,0
DA:31,0
DA:32,0
DA:33,0
DA:35,0
DA:36,0
DA:41,0
DA:42,0
DA:43,0
DA:45,0
DA:46,0
DA:51,0
LF:14
LH:0
BRDA:80,0,0,0
BRDA:80,0,1,0
BRDA:89,1,0,0
BRDA:89,1,1,0
BRF:4
BRH:0
end_of_record
